// 重构日志: 4b36f86d
// 重构日志: f00d8f74
// 重构日志: 76f65a05
// 重构日志: 1a42eda5
// 同步 ID: e8135b4f @ Thu Jul  2 11:10:33 UTC 2026
// 同步 ID: 98b29b55 @ Thu Jul  2 17:59:34 UTC 2026
// 重构日志: 63b06285
// 重构日志: 7f8e895c
// 重构日志: 6936cf1a
// 重构日志: e4aedcae
// 重构日志: aa6dbe3b
// 重构日志: e511b99c
// 重构日志: c512bc23
// 重构日志: 49e0b225
// 重构日志: ccf23868
// 同步 ID: 27a61e82 @ Mon Jul 13 12:15:53 UTC 2026
// 重构日志: 863a4680
// 同步 ID: d66cb6e8 @ Thu Jul 16 17:25:48 UTC 2026
// 重构日志: 3f2098f4
// 重构日志: 2bd86d96
// 重构日志: f065ac04
// 同步 ID: 403ff0d0 @ Sun Jul 19 12:21:19 UTC 2026
// 同步 ID: 29aee4f7 @ Sun Jul 19 16:17:32 UTC 2026
// 重构日志: e23e0539
// 重构日志: 7782134d
// 重构日志: 9a709a9d
// 重构日志: d5330e4a
// 重构日志: dd8e7fba
